Solutions for the maze assignment
Ernesto Valdez


Maze Number 1

@@.@@@@@@@
@@.@.@...@
@@...@@.@@
@.@@.@@.@@
@.......@@
@@@@.@@.@@
@@...@@..@
@@.@@@@@@@
@@.......@
@@@@@@@@.@

There is a way out!


Maze Number 2

@@@@@@@@@@@E@@@@@@@@
@.........@+@@@@@@@@
@@@.@@@@@.@+@@@@@@@@
@.@.@@.@@.@++++++@@@
@..........@@@@@+@@@
@.@@@@@@@@@@@@@@+@@@
@.@++++++++++++++@@@
@.@@@@@@@@@@+@@@@@@@
@..........@+@@@@@@@
@@.@@.@@@@.@++++++@@
@..........@+@@@@@@@
@@@.@@@@@.@@+++++@@@
@.........@@@@@@+@@@
@@@.@@.@@.@++++++++@
@@@@@@@@@.@@@@@@@@@@

There is not a way out!


Maze Number 3

@@@@@@@@@@@@@.@
@...........@.@
@.@@@@@@@@@.@.@
@.@.......@.@.@
@.@.@@@@@.@.@.@
@.@.@.....@.@.@
@.@.@.@@@@@.@.@
@.@.@.......@.@
@.@.@@@@@@@@@.@
@.@...........@
@.@@@@@@@@@@@@@

There is a way out!


Maze Number 4

@@@@@@@@@@@@@@@
@@@@..........@
@....@@@@@.@@..
@.@@.@@@@@.@@@@
@@@@....@@@@@@@
@@...@@....@@@@
@@.@@@@.@@@@@@@
@@..@@@......@@
@@@...@@@@@.@@@
@@@@@@@@@@@@@@@

There is a way out!
